<?xml version="1.0" encoding="UTF-8"?>
<testsuite name="com.debtfreein.app.SmsParserTest" tests="8" skipped="0" failures="0" errors="0" timestamp="2026-07-19T13:45:19" hostname="MY_GALAXY" time="0.037">
  <properties/>
  <testcase name="testParseSms_blacklistOtp" classname="com.debtfreein.app.SmsParserTest" time="0.017"/>
  <testcase name="testParseSms_sbiCreditCard" classname="com.debtfreein.app.SmsParserTest" time="0.018"/>
  <testcase name="testParseSms_nonTransaction" classname="com.debtfreein.app.SmsParserTest" time="0.0"/>
  <testcase name="testParseSms_blacklistCode" classname="com.debtfreein.app.SmsParserTest" time="0.0"/>
  <testcase name="testParseSms_hdfcCreditCard" classname="com.debtfreein.app.SmsParserTest" time="0.001"/>
  <testcase name="testParseSms_axisBankMultiLine" classname="com.debtfreein.app.SmsParserTest" time="0.0"/>
  <testcase name="testParseSms_blacklistOneTimePassword" classname="com.debtfreein.app.SmsParserTest" time="0.0"/>
  <testcase name="testParseSms_blacklistVerification" classname="com.debtfreein.app.SmsParserTest" time="0.0"/>
  <system-out><![CDATA[]]></system-out>
  <system-err><![CDATA[]]></system-err>
</testsuite>
