<?xml version="1.0" encoding="UTF-8"?>
<testsuite name="com.debtfreein.app.SmsParserTest" tests="4" skipped="0" failures="0" errors="0" timestamp="2026-07-14T08:18:42" hostname="MY_GALAXY" time="0.06">
  <properties/>
  <testcase name="testParseSms_sbiCreditCard" classname="com.debtfreein.app.SmsParserTest" time="0.058"/>
  <testcase name="testParseSms_chaseCard" classname="com.debtfreein.app.SmsParserTest" time="0.001"/>
  <testcase name="testParseSms_nonTransaction" classname="com.debtfreein.app.SmsParserTest" time="0.0"/>
  <testcase name="testParseSms_hdfcCreditCard" classname="com.debtfreein.app.SmsParserTest" time="0.0"/>
  <system-out><![CDATA[]]></system-out>
  <system-err><![CDATA[]]></system-err>
</testsuite>
